<?xml version="1.0" encoding="UTF-8"?>
<testsuite xmlns:xsi="http://www.w3.org/2001/XMLSchema-instance" xsi:noNamespaceSchemaLocation="https://maven.apache.org/surefire/maven-surefire-plugin/xsd/surefire-test-report.xsd" name="com.albertvijai.events.streamer.StreamerApplicationTests" time="3.69" tests="1" errors="0" skipped="0" failures="0">
  <properties>
    <property name="java.specification.version" value="14"/>
    <property name="sun.jnu.encoding" value="UTF-8"/>
    <property name="java.class.path" value="/Users/albertvmanoharan/_dev/_github/event-streamer/target/test-classes:/Users/albertvmanoharan/_dev/_github/event-streamer/target/classes:/Users/albertvmanoharan/.m2/repository/org/springframework/boot/spring-boot-starter-amqp/2.3.3.RELEASE/spring-boot-starter-amqp-2.3.3.RELEASE.jar:/Users/albertvmanoharan/.m2/repository/org/springframework/boot/spring-boot-starter/2.3.3.RELEASE/spring-boot-starter-2.3.3.RELEASE.jar:/Users/albertvmanoharan/.m2/repository/org/springframework/boot/spring-boot/2.3.3.RELEASE/spring-boot-2.3.3.RELEASE.jar:/Users/albertvmanoharan/.m2/repository/org/springframework/boot/spring-boot-starter-logging/2.3.3.RELEASE/spring-boot-starter-logging-2.3.3.RELEASE.jar:/Users/albertvmanoharan/.m2/repository/ch/qos/logback/logback-classic/1.2.3/logback-classic-1.2.3.jar:/Users/albertvmanoharan/.m2/repository/ch/qos/logback/logback-core/1.2.3/logback-core-1.2.3.jar:/Users/albertvmanoharan/.m2/repository/org/apache/logging/log4j/log4j-to-slf4j/2.13.3/log4j-to-slf4j-2.13.3.jar:/Users/albertvmanoharan/.m2/repository/org/apache/logging/log4j/log4j-api/2.13.3/log4j-api-2.13.3.jar:/Users/albertvmanoharan/.m2/repository/org/slf4j/jul-to-slf4j/1.7.30/jul-to-slf4j-1.7.30.jar:/Users/albertvmanoharan/.m2/repository/jakarta/annotation/jakarta.annotation-api/1.3.5/jakarta.annotation-api-1.3.5.jar:/Users/albertvmanoharan/.m2/repository/org/yaml/snakeyaml/1.26/snakeyaml-1.26.jar:/Users/albertvmanoharan/.m2/repository/org/springframework/spring-messaging/5.2.8.RELEASE/spring-messaging-5.2.8.RELEASE.jar:/Users/albertvmanoharan/.m2/repository/org/springframework/spring-beans/5.2.8.RELEASE/spring-beans-5.2.8.RELEASE.jar:/Users/albertvmanoharan/.m2/repository/org/springframework/amqp/spring-rabbit/2.2.10.RELEASE/spring-rabbit-2.2.10.RELEASE.jar:/Users/albertvmanoharan/.m2/repository/com/rabbitmq/amqp-client/5.9.0/amqp-client-5.9.0.jar:/Users/albertvmanoharan/.m2/repository/org/springframework/amqp/spring-amqp/2.2.10.RELEASE/spring-amqp-2.2.10.RELEASE.jar:/Users/albertvmanoharan/.m2/repository/org/springframework/spring-context/5.2.8.RELEASE/spring-context-5.2.8.RELEASE.jar:/Users/albertvmanoharan/.m2/repository/org/springframework/spring-expression/5.2.8.RELEASE/spring-expression-5.2.8.RELEASE.jar:/Users/albertvmanoharan/.m2/repository/org/springframework/spring-tx/5.2.8.RELEASE/spring-tx-5.2.8.RELEASE.jar:/Users/albertvmanoharan/.m2/repository/org/springframework/cloud/spring-cloud-stream/3.0.8.RELEASE/spring-cloud-stream-3.0.8.RELEASE.jar:/Users/albertvmanoharan/.m2/repository/org/springframework/boot/spring-boot-starter-validation/2.3.3.RELEASE/spring-boot-starter-validation-2.3.3.RELEASE.jar:/Users/albertvmanoharan/.m2/repository/org/glassfish/jakarta.el/3.0.3/jakarta.el-3.0.3.jar:/Users/albertvmanoharan/.m2/repository/org/hibernate/validator/hibernate-validator/6.1.5.Final/hibernate-validator-6.1.5.Final.jar:/Users/albertvmanoharan/.m2/repository/jakarta/validation/jakarta.validation-api/2.0.2/jakarta.validation-api-2.0.2.jar:/Users/albertvmanoharan/.m2/repository/org/jboss/logging/jboss-logging/3.4.1.Final/jboss-logging-3.4.1.Final.jar:/Users/albertvmanoharan/.m2/repository/com/fasterxml/classmate/1.5.1/classmate-1.5.1.jar:/Users/albertvmanoharan/.m2/repository/org/springframework/integration/spring-integration-core/5.3.2.RELEASE/spring-integration-core-5.3.2.RELEASE.jar:/Users/albertvmanoharan/.m2/repository/org/springframework/spring-aop/5.2.8.RELEASE/spring-aop-5.2.8.RELEASE.jar:/Users/albertvmanoharan/.m2/repository/io/projectreactor/reactor-core/3.3.9.RELEASE/reactor-core-3.3.9.RELEASE.jar:/Users/albertvmanoharan/.m2/repository/org/reactivestreams/reactive-streams/1.0.3/reactive-streams-1.0.3.jar:/Users/albertvmanoharan/.m2/repository/org/springframework/integration/spring-integration-jmx/5.3.2.RELEASE/spring-integration-jmx-5.3.2.RELEASE.jar:/Users/albertvmanoharan/.m2/repository/org/springframework/retry/spring-retry/1.2.5.RELEASE/spring-retry-1.2.5.RELEASE.jar:/Users/albertvmanoharan/.m2/repository/org/springframework/cloud/spring-cloud-function-context/3.0.10.RELEASE/spring-cloud-function-context-3.0.10.RELEASE.jar:/Users/albertvmanoharan/.m2/repository/net/jodah/typetools/0.6.2/typetools-0.6.2.jar:/Users/albertvmanoharan/.m2/repository/org/springframework/cloud/spring-cloud-function-core/3.0.10.RELEASE/spring-cloud-function-core-3.0.10.RELEASE.jar:/Users/albertvmanoharan/.m2/repository/javax/annotation/javax.annotation-api/1.3.2/javax.annotation-api-1.3.2.jar:/Users/albertvmanoharan/.m2/repository/org/springframework/cloud/spring-cloud-stream-binder-rabbit/3.0.8.RELEASE/spring-cloud-stream-binder-rabbit-3.0.8.RELEASE.jar:/Users/albertvmanoharan/.m2/repository/org/springframework/cloud/spring-cloud-stream-binder-rabbit-core/3.0.8.RELEASE/spring-cloud-stream-binder-rabbit-core-3.0.8.RELEASE.jar:/Users/albertvmanoharan/.m2/repository/org/springframework/integration/spring-integration-amqp/5.3.2.RELEASE/spring-integration-amqp-5.3.2.RELEASE.jar:/Users/albertvmanoharan/.m2/repository/org/springframework/spring-web/5.2.8.RELEASE/spring-web-5.2.8.RELEASE.jar:/Users/albertvmanoharan/.m2/repository/com/rabbitmq/http-client/2.1.0.RELEASE/http-client-2.1.0.RELEASE.jar:/Users/albertvmanoharan/.m2/repository/org/apache/httpcomponents/httpclient/4.5.12/httpclient-4.5.12.jar:/Users/albertvmanoharan/.m2/repository/org/apache/httpcomponents/httpcore/4.4.13/httpcore-4.4.13.jar:/Users/albertvmanoharan/.m2/repository/commons-codec/commons-codec/1.14/commons-codec-1.14.jar:/Users/albertvmanoharan/.m2/repository/org/projectlombok/lombok/1.18.12/lombok-1.18.12.jar:/Users/albertvmanoharan/.m2/repository/org/springframework/boot/spring-boot-starter-test/2.3.3.RELEASE/spring-boot-starter-test-2.3.3.RELEASE.jar:/Users/albertvmanoharan/.m2/repository/org/springframework/boot/spring-boot-test/2.3.3.RELEASE/spring-boot-test-2.3.3.RELEASE.jar:/Users/albertvmanoharan/.m2/repository/org/springframework/boot/spring-boot-test-autoconfigure/2.3.3.RELEASE/spring-boot-test-autoconfigure-2.3.3.RELEASE.jar:/Users/albertvmanoharan/.m2/repository/com/jayway/jsonpath/json-path/2.4.0/json-path-2.4.0.jar:/Users/albertvmanoharan/.m2/repository/net/minidev/json-smart/2.3/json-smart-2.3.jar:/Users/albertvmanoharan/.m2/repository/net/minidev/accessors-smart/1.2/accessors-smart-1.2.jar:/Users/albertvmanoharan/.m2/repository/org/ow2/asm/asm/5.0.4/asm-5.0.4.jar:/Users/albertvmanoharan/.m2/repository/org/slf4j/slf4j-api/1.7.30/slf4j-api-1.7.30.jar:/Users/albertvmanoharan/.m2/repository/jakarta/xml/bind/jakarta.xml.bind-api/2.3.3/jakarta.xml.bind-api-2.3.3.jar:/Users/albertvmanoharan/.m2/repository/jakarta/activation/jakarta.activation-api/1.2.2/jakarta.activation-api-1.2.2.jar:/Users/albertvmanoharan/.m2/repository/org/assertj/assertj-core/3.16.1/assertj-core-3.16.1.jar:/Users/albertvmanoharan/.m2/repository/org/hamcrest/hamcrest/2.2/hamcrest-2.2.jar:/Users/albertvmanoharan/.m2/repository/org/junit/jupiter/junit-jupiter/5.6.2/junit-jupiter-5.6.2.jar:/Users/albertvmanoharan/.m2/repository/org/junit/jupiter/junit-jupiter-api/5.6.2/junit-jupiter-api-5.6.2.jar:/Users/albertvmanoharan/.m2/repository/org/apiguardian/apiguardian-api/1.1.0/apiguardian-api-1.1.0.jar:/Users/albertvmanoharan/.m2/repository/org/opentest4j/opentest4j/1.2.0/opentest4j-1.2.0.jar:/Users/albertvmanoharan/.m2/repository/org/junit/platform/junit-platform-commons/1.6.2/junit-platform-commons-1.6.2.jar:/Users/albertvmanoharan/.m2/repository/org/junit/jupiter/junit-jupiter-params/5.6.2/junit-jupiter-params-5.6.2.jar:/Users/albertvmanoharan/.m2/repository/org/junit/jupiter/junit-jupiter-engine/5.6.2/junit-jupiter-engine-5.6.2.jar:/Users/albertvmanoharan/.m2/repository/org/junit/platform/junit-platform-engine/1.6.2/junit-platform-engine-1.6.2.jar:/Users/albertvmanoharan/.m2/repository/org/mockito/mockito-core/3.3.3/mockito-core-3.3.3.jar:/Users/albertvmanoharan/.m2/repository/net/bytebuddy/byte-buddy/1.10.14/byte-buddy-1.10.14.jar:/Users/albertvmanoharan/.m2/repository/net/bytebuddy/byte-buddy-agent/1.10.14/byte-buddy-agent-1.10.14.jar:/Users/albertvmanoharan/.m2/repository/org/objenesis/objenesis/2.6/objenesis-2.6.jar:/Users/albertvmanoharan/.m2/repository/org/mockito/mockito-junit-jupiter/3.3.3/mockito-junit-jupiter-3.3.3.jar:/Users/albertvmanoharan/.m2/repository/org/skyscreamer/jsonassert/1.5.0/jsonassert-1.5.0.jar:/Users/albertvmanoharan/.m2/repository/com/vaadin/external/google/android-json/0.0.20131108.vaadin1/android-json-0.0.20131108.vaadin1.jar:/Users/albertvmanoharan/.m2/repository/org/springframework/spring-core/5.2.8.RELEASE/spring-core-5.2.8.RELEASE.jar:/Users/albertvmanoharan/.m2/repository/org/springframework/spring-jcl/5.2.8.RELEASE/spring-jcl-5.2.8.RELEASE.jar:/Users/albertvmanoharan/.m2/repository/org/springframework/spring-test/5.2.8.RELEASE/spring-test-5.2.8.RELEASE.jar:/Users/albertvmanoharan/.m2/repository/org/xmlunit/xmlunit-core/2.7.0/xmlunit-core-2.7.0.jar:/Users/albertvmanoharan/.m2/repository/org/springframework/amqp/spring-rabbit-test/2.2.10.RELEASE/spring-rabbit-test-2.2.10.RELEASE.jar:/Users/albertvmanoharan/.m2/repository/org/hamcrest/hamcrest-core/2.2/hamcrest-core-2.2.jar:/Users/albertvmanoharan/.m2/repository/org/hamcrest/hamcrest-library/2.2/hamcrest-library-2.2.jar:/Users/albertvmanoharan/.m2/repository/org/springframework/amqp/spring-rabbit-junit/2.2.10.RELEASE/spring-rabbit-junit-2.2.10.RELEASE.jar:/Users/albertvmanoharan/.m2/repository/org/springframework/cloud/spring-cloud-stream-test-support/3.0.8.RELEASE/spring-cloud-stream-test-support-3.0.8.RELEASE.jar:/Users/albertvmanoharan/.m2/repository/org/springframework/boot/spring-boot-autoconfigure/2.3.3.RELEASE/spring-boot-autoconfigure-2.3.3.RELEASE.jar:/Users/albertvmanoharan/.m2/repository/com/fasterxml/jackson/core/jackson-databind/2.11.2/jackson-databind-2.11.2.jar:/Users/albertvmanoharan/.m2/repository/com/fasterxml/jackson/core/jackson-annotations/2.11.2/jackson-annotations-2.11.2.jar:/Users/albertvmanoharan/.m2/repository/com/fasterxml/jackson/core/jackson-core/2.11.2/jackson-core-2.11.2.jar:"/>
    <property name="java.vm.vendor" value="Oracle Corporation"/>
    <property name="sun.arch.data.model" value="64"/>
    <property name="java.vendor.url" value="https://openjdk.java.net/"/>
    <property name="os.name" value="Mac OS X"/>
    <property name="java.vm.specification.version" value="14"/>
    <property name="sun.java.launcher" value="SUN_STANDARD"/>
    <property name="user.country" value="US"/>
    <property name="sun.boot.library.path" value="/usr/local/Cellar/openjdk/14.0.1/libexec/openjdk.jdk/Contents/Home/lib"/>
    <property name="sun.java.command" value="/Users/albertvmanoharan/_dev/_github/event-streamer/target/surefire/surefirebooter13545368331801114997.jar /Users/albertvmanoharan/_dev/_github/event-streamer/target/surefire 2020-09-13T21-58-38_121-jvmRun1 surefire3728571016911635280tmp surefire_05064032821672617175tmp"/>
    <property name="http.nonProxyHosts" value="local|*.local"/>
    <property name="jdk.debug" value="release"/>
    <property name="surefire.test.class.path" value="/Users/albertvmanoharan/_dev/_github/event-streamer/target/test-classes:/Users/albertvmanoharan/_dev/_github/event-streamer/target/classes:/Users/albertvmanoharan/.m2/repository/org/springframework/boot/spring-boot-starter-amqp/2.3.3.RELEASE/spring-boot-starter-amqp-2.3.3.RELEASE.jar:/Users/albertvmanoharan/.m2/repository/org/springframework/boot/spring-boot-starter/2.3.3.RELEASE/spring-boot-starter-2.3.3.RELEASE.jar:/Users/albertvmanoharan/.m2/repository/org/springframework/boot/spring-boot/2.3.3.RELEASE/spring-boot-2.3.3.RELEASE.jar:/Users/albertvmanoharan/.m2/repository/org/springframework/boot/spring-boot-starter-logging/2.3.3.RELEASE/spring-boot-starter-logging-2.3.3.RELEASE.jar:/Users/albertvmanoharan/.m2/repository/ch/qos/logback/logback-classic/1.2.3/logback-classic-1.2.3.jar:/Users/albertvmanoharan/.m2/repository/ch/qos/logback/logback-core/1.2.3/logback-core-1.2.3.jar:/Users/albertvmanoharan/.m2/repository/org/apache/logging/log4j/log4j-to-slf4j/2.13.3/log4j-to-slf4j-2.13.3.jar:/Users/albertvmanoharan/.m2/repository/org/apache/logging/log4j/log4j-api/2.13.3/log4j-api-2.13.3.jar:/Users/albertvmanoharan/.m2/repository/org/slf4j/jul-to-slf4j/1.7.30/jul-to-slf4j-1.7.30.jar:/Users/albertvmanoharan/.m2/repository/jakarta/annotation/jakarta.annotation-api/1.3.5/jakarta.annotation-api-1.3.5.jar:/Users/albertvmanoharan/.m2/repository/org/yaml/snakeyaml/1.26/snakeyaml-1.26.jar:/Users/albertvmanoharan/.m2/repository/org/springframework/spring-messaging/5.2.8.RELEASE/spring-messaging-5.2.8.RELEASE.jar:/Users/albertvmanoharan/.m2/repository/org/springframework/spring-beans/5.2.8.RELEASE/spring-beans-5.2.8.RELEASE.jar:/Users/albertvmanoharan/.m2/repository/org/springframework/amqp/spring-rabbit/2.2.10.RELEASE/spring-rabbit-2.2.10.RELEASE.jar:/Users/albertvmanoharan/.m2/repository/com/rabbitmq/amqp-client/5.9.0/amqp-client-5.9.0.jar:/Users/albertvmanoharan/.m2/repository/org/springframework/amqp/spring-amqp/2.2.10.RELEASE/spring-amqp-2.2.10.RELEASE.jar:/Users/albertvmanoharan/.m2/repository/org/springframework/spring-context/5.2.8.RELEASE/spring-context-5.2.8.RELEASE.jar:/Users/albertvmanoharan/.m2/repository/org/springframework/spring-expression/5.2.8.RELEASE/spring-expression-5.2.8.RELEASE.jar:/Users/albertvmanoharan/.m2/repository/org/springframework/spring-tx/5.2.8.RELEASE/spring-tx-5.2.8.RELEASE.jar:/Users/albertvmanoharan/.m2/repository/org/springframework/cloud/spring-cloud-stream/3.0.8.RELEASE/spring-cloud-stream-3.0.8.RELEASE.jar:/Users/albertvmanoharan/.m2/repository/org/springframework/boot/spring-boot-starter-validation/2.3.3.RELEASE/spring-boot-starter-validation-2.3.3.RELEASE.jar:/Users/albertvmanoharan/.m2/repository/org/glassfish/jakarta.el/3.0.3/jakarta.el-3.0.3.jar:/Users/albertvmanoharan/.m2/repository/org/hibernate/validator/hibernate-validator/6.1.5.Final/hibernate-validator-6.1.5.Final.jar:/Users/albertvmanoharan/.m2/repository/jakarta/validation/jakarta.validation-api/2.0.2/jakarta.validation-api-2.0.2.jar:/Users/albertvmanoharan/.m2/repository/org/jboss/logging/jboss-logging/3.4.1.Final/jboss-logging-3.4.1.Final.jar:/Users/albertvmanoharan/.m2/repository/com/fasterxml/classmate/1.5.1/classmate-1.5.1.jar:/Users/albertvmanoharan/.m2/repository/org/springframework/integration/spring-integration-core/5.3.2.RELEASE/spring-integration-core-5.3.2.RELEASE.jar:/Users/albertvmanoharan/.m2/repository/org/springframework/spring-aop/5.2.8.RELEASE/spring-aop-5.2.8.RELEASE.jar:/Users/albertvmanoharan/.m2/repository/io/projectreactor/reactor-core/3.3.9.RELEASE/reactor-core-3.3.9.RELEASE.jar:/Users/albertvmanoharan/.m2/repository/org/reactivestreams/reactive-streams/1.0.3/reactive-streams-1.0.3.jar:/Users/albertvmanoharan/.m2/repository/org/springframework/integration/spring-integration-jmx/5.3.2.RELEASE/spring-integration-jmx-5.3.2.RELEASE.jar:/Users/albertvmanoharan/.m2/repository/org/springframework/retry/spring-retry/1.2.5.RELEASE/spring-retry-1.2.5.RELEASE.jar:/Users/albertvmanoharan/.m2/repository/org/springframework/cloud/spring-cloud-function-context/3.0.10.RELEASE/spring-cloud-function-context-3.0.10.RELEASE.jar:/Users/albertvmanoharan/.m2/repository/net/jodah/typetools/0.6.2/typetools-0.6.2.jar:/Users/albertvmanoharan/.m2/repository/org/springframework/cloud/spring-cloud-function-core/3.0.10.RELEASE/spring-cloud-function-core-3.0.10.RELEASE.jar:/Users/albertvmanoharan/.m2/repository/javax/annotation/javax.annotation-api/1.3.2/javax.annotation-api-1.3.2.jar:/Users/albertvmanoharan/.m2/repository/org/springframework/cloud/spring-cloud-stream-binder-rabbit/3.0.8.RELEASE/spring-cloud-stream-binder-rabbit-3.0.8.RELEASE.jar:/Users/albertvmanoharan/.m2/repository/org/springframework/cloud/spring-cloud-stream-binder-rabbit-core/3.0.8.RELEASE/spring-cloud-stream-binder-rabbit-core-3.0.8.RELEASE.jar:/Users/albertvmanoharan/.m2/repository/org/springframework/integration/spring-integration-amqp/5.3.2.RELEASE/spring-integration-amqp-5.3.2.RELEASE.jar:/Users/albertvmanoharan/.m2/repository/org/springframework/spring-web/5.2.8.RELEASE/spring-web-5.2.8.RELEASE.jar:/Users/albertvmanoharan/.m2/repository/com/rabbitmq/http-client/2.1.0.RELEASE/http-client-2.1.0.RELEASE.jar:/Users/albertvmanoharan/.m2/repository/org/apache/httpcomponents/httpclient/4.5.12/httpclient-4.5.12.jar:/Users/albertvmanoharan/.m2/repository/org/apache/httpcomponents/httpcore/4.4.13/httpcore-4.4.13.jar:/Users/albertvmanoharan/.m2/repository/commons-codec/commons-codec/1.14/commons-codec-1.14.jar:/Users/albertvmanoharan/.m2/repository/org/projectlombok/lombok/1.18.12/lombok-1.18.12.jar:/Users/albertvmanoharan/.m2/repository/org/springframework/boot/spring-boot-starter-test/2.3.3.RELEASE/spring-boot-starter-test-2.3.3.RELEASE.jar:/Users/albertvmanoharan/.m2/repository/org/springframework/boot/spring-boot-test/2.3.3.RELEASE/spring-boot-test-2.3.3.RELEASE.jar:/Users/albertvmanoharan/.m2/repository/org/springframework/boot/spring-boot-test-autoconfigure/2.3.3.RELEASE/spring-boot-test-autoconfigure-2.3.3.RELEASE.jar:/Users/albertvmanoharan/.m2/repository/com/jayway/jsonpath/json-path/2.4.0/json-path-2.4.0.jar:/Users/albertvmanoharan/.m2/repository/net/minidev/json-smart/2.3/json-smart-2.3.jar:/Users/albertvmanoharan/.m2/repository/net/minidev/accessors-smart/1.2/accessors-smart-1.2.jar:/Users/albertvmanoharan/.m2/repository/org/ow2/asm/asm/5.0.4/asm-5.0.4.jar:/Users/albertvmanoharan/.m2/repository/org/slf4j/slf4j-api/1.7.30/slf4j-api-1.7.30.jar:/Users/albertvmanoharan/.m2/repository/jakarta/xml/bind/jakarta.xml.bind-api/2.3.3/jakarta.xml.bind-api-2.3.3.jar:/Users/albertvmanoharan/.m2/repository/jakarta/activation/jakarta.activation-api/1.2.2/jakarta.activation-api-1.2.2.jar:/Users/albertvmanoharan/.m2/repository/org/assertj/assertj-core/3.16.1/assertj-core-3.16.1.jar:/Users/albertvmanoharan/.m2/repository/org/hamcrest/hamcrest/2.2/hamcrest-2.2.jar:/Users/albertvmanoharan/.m2/repository/org/junit/jupiter/junit-jupiter/5.6.2/junit-jupiter-5.6.2.jar:/Users/albertvmanoharan/.m2/repository/org/junit/jupiter/junit-jupiter-api/5.6.2/junit-jupiter-api-5.6.2.jar:/Users/albertvmanoharan/.m2/repository/org/apiguardian/apiguardian-api/1.1.0/apiguardian-api-1.1.0.jar:/Users/albertvmanoharan/.m2/repository/org/opentest4j/opentest4j/1.2.0/opentest4j-1.2.0.jar:/Users/albertvmanoharan/.m2/repository/org/junit/platform/junit-platform-commons/1.6.2/junit-platform-commons-1.6.2.jar:/Users/albertvmanoharan/.m2/repository/org/junit/jupiter/junit-jupiter-params/5.6.2/junit-jupiter-params-5.6.2.jar:/Users/albertvmanoharan/.m2/repository/org/junit/jupiter/junit-jupiter-engine/5.6.2/junit-jupiter-engine-5.6.2.jar:/Users/albertvmanoharan/.m2/repository/org/junit/platform/junit-platform-engine/1.6.2/junit-platform-engine-1.6.2.jar:/Users/albertvmanoharan/.m2/repository/org/mockito/mockito-core/3.3.3/mockito-core-3.3.3.jar:/Users/albertvmanoharan/.m2/repository/net/bytebuddy/byte-buddy/1.10.14/byte-buddy-1.10.14.jar:/Users/albertvmanoharan/.m2/repository/net/bytebuddy/byte-buddy-agent/1.10.14/byte-buddy-agent-1.10.14.jar:/Users/albertvmanoharan/.m2/repository/org/objenesis/objenesis/2.6/objenesis-2.6.jar:/Users/albertvmanoharan/.m2/repository/org/mockito/mockito-junit-jupiter/3.3.3/mockito-junit-jupiter-3.3.3.jar:/Users/albertvmanoharan/.m2/repository/org/skyscreamer/jsonassert/1.5.0/jsonassert-1.5.0.jar:/Users/albertvmanoharan/.m2/repository/com/vaadin/external/google/android-json/0.0.20131108.vaadin1/android-json-0.0.20131108.vaadin1.jar:/Users/albertvmanoharan/.m2/repository/org/springframework/spring-core/5.2.8.RELEASE/spring-core-5.2.8.RELEASE.jar:/Users/albertvmanoharan/.m2/repository/org/springframework/spring-jcl/5.2.8.RELEASE/spring-jcl-5.2.8.RELEASE.jar:/Users/albertvmanoharan/.m2/repository/org/springframework/spring-test/5.2.8.RELEASE/spring-test-5.2.8.RELEASE.jar:/Users/albertvmanoharan/.m2/repository/org/xmlunit/xmlunit-core/2.7.0/xmlunit-core-2.7.0.jar:/Users/albertvmanoharan/.m2/repository/org/springframework/amqp/spring-rabbit-test/2.2.10.RELEASE/spring-rabbit-test-2.2.10.RELEASE.jar:/Users/albertvmanoharan/.m2/repository/org/hamcrest/hamcrest-core/2.2/hamcrest-core-2.2.jar:/Users/albertvmanoharan/.m2/repository/org/hamcrest/hamcrest-library/2.2/hamcrest-library-2.2.jar:/Users/albertvmanoharan/.m2/repository/org/springframework/amqp/spring-rabbit-junit/2.2.10.RELEASE/spring-rabbit-junit-2.2.10.RELEASE.jar:/Users/albertvmanoharan/.m2/repository/org/springframework/cloud/spring-cloud-stream-test-support/3.0.8.RELEASE/spring-cloud-stream-test-support-3.0.8.RELEASE.jar:/Users/albertvmanoharan/.m2/repository/org/springframework/boot/spring-boot-autoconfigure/2.3.3.RELEASE/spring-boot-autoconfigure-2.3.3.RELEASE.jar:/Users/albertvmanoharan/.m2/repository/com/fasterxml/jackson/core/jackson-databind/2.11.2/jackson-databind-2.11.2.jar:/Users/albertvmanoharan/.m2/repository/com/fasterxml/jackson/core/jackson-annotations/2.11.2/jackson-annotations-2.11.2.jar:/Users/albertvmanoharan/.m2/repository/com/fasterxml/jackson/core/jackson-core/2.11.2/jackson-core-2.11.2.jar:"/>
    <property name="sun.cpu.endian" value="little"/>
    <property name="user.home" value="/Users/albertvmanoharan"/>
    <property name="user.language" value="en"/>
    <property name="java.specification.vendor" value="Oracle Corporation"/>
    <property name="java.version.date" value="2020-04-14"/>
    <property name="java.home" value="/usr/local/Cellar/openjdk/14.0.1/libexec/openjdk.jdk/Contents/Home"/>
    <property name="file.separator" value="/"/>
    <property name="basedir" value="/Users/albertvmanoharan/_dev/_github/event-streamer"/>
    <property name="java.vm.compressedOopsMode" value="Zero based"/>
    <property name="line.separator" value="&#10;"/>
    <property name="java.specification.name" value="Java Platform API Specification"/>
    <property name="java.vm.specification.vendor" value="Oracle Corporation"/>
    <property name="surefire.real.class.path" value="/Users/albertvmanoharan/_dev/_github/event-streamer/target/surefire/surefirebooter13545368331801114997.jar"/>
    <property name="sun.management.compiler" value="HotSpot 64-Bit Tiered Compilers"/>
    <property name="ftp.nonProxyHosts" value="local|*.local"/>
    <property name="java.runtime.version" value="14.0.1+14"/>
    <property name="user.name" value="albertvmanoharan"/>
    <property name="path.separator" value=":"/>
    <property name="os.version" value="10.15.6"/>
    <property name="java.runtime.name" value="OpenJDK Runtime Environment"/>
    <property name="file.encoding" value="UTF-8"/>
    <property name="java.vm.name" value="OpenJDK 64-Bit Server VM"/>
    <property name="localRepository" value="/Users/albertvmanoharan/.m2/repository"/>
    <property name="java.vendor.url.bug" value="https://bugreport.java.com/bugreport/"/>
    <property name="java.io.tmpdir" value="/var/folders/3z/dv9bwm092bd9fhc6mb69sk3r0000gn/T/"/>
    <property name="java.version" value="14.0.1"/>
    <property name="user.dir" value="/Users/albertvmanoharan/_dev/_github/event-streamer"/>
    <property name="os.arch" value="x86_64"/>
    <property name="java.vm.specification.name" value="Java Virtual Machine Specification"/>
    <property name="java.library.path" value="/Users/albertvmanoharan/Library/Java/Extensions:/Library/Java/Extensions:/Network/Library/Java/Extensions:/System/Library/Java/Extensions:/usr/lib/java:."/>
    <property name="java.vm.info" value="mixed mode, sharing"/>
    <property name="java.vendor" value="N/A"/>
    <property name="java.vm.version" value="14.0.1+14"/>
    <property name="sun.io.unicode.encoding" value="UnicodeBig"/>
    <property name="socksNonProxyHosts" value="local|*.local"/>
    <property name="java.class.version" value="58.0"/>
  </properties>
  <testcase name="contextLoads" classname="com.albertvijai.events.streamer.StreamerApplicationTests" time="0.522"/>
</testsuite>